android/app/build/intermediates/manifest_merge_blame_file/debug/processDebugMainManifest/manifest-merger-blame-debug-report.txt
1<?xml version="1.0" encoding="utf-8"?>
2<manifest xmlns:android="http://schemas.android.com/apk/res/android"
3    package="com.kianshenteoh.procrastinus"
4    android:versionCode="1"
5    android:versionName="1.0.0" >
6
7    <uses-sdk
8        android:minSdkVersion="24"
9        android:targetSdkVersion="35" />
10
11    <uses-permission android:name="android.permission.SYSTEM_ALERT_WINDOW" />
11-->src\main\AndroidManifest.xml:4:3-75
11-->src\main\AndroidManifest.xml:4:20-73
12    <uses-permission android:name="android.permission.INTERNET" />
12-->src\main\AndroidManifest.xml:2:3-64
12-->src\main\AndroidManifest.xml:2:20-62
13    <uses-permission
13-->src\main\AndroidManifest.xml:3:3-77
14        android:name="android.permission.READ_EXTERNAL_STORAGE"
14-->src\main\AndroidManifest.xml:3:20-75
15        android:maxSdkVersion="32" />
15-->[BareExpo:expo.modules.image:2.3.0] AndroidManifest.xml:17:9-35
16    <uses-permission android:name="android.permission.VIBRATE" />
16-->src\main\AndroidManifest.xml:5:3-63
16-->src\main\AndroidManifest.xml:5:20-61
17    <uses-permission android:name="android.permission.WRITE_EXTERNAL_STORAGE" />
17-->src\main\AndroidManifest.xml:6:3-78
17-->src\main\AndroidManifest.xml:6:20-76
18
19    <queries>
19-->src\main\AndroidManifest.xml:7:3-13:13
20        <intent>
20-->src\main\AndroidManifest.xml:8:5-12:14
21            <action android:name="android.intent.action.VIEW" />
21-->src\main\AndroidManifest.xml:9:7-58
21-->src\main\AndroidManifest.xml:9:15-56
22
23            <category android:name="android.intent.category.BROWSABLE" />
23-->src\main\AndroidManifest.xml:10:7-67
23-->src\main\AndroidManifest.xml:10:17-65
24
25            <data android:scheme="https" />
25-->src\main\AndroidManifest.xml:11:7-37
25-->src\main\AndroidManifest.xml:11:13-35
26        </intent>
27
28        <package android:name="host.exp.exponent" />
28-->[:expo-dev-launcher] AndroidManifest.xml:8:9-53
28-->[:expo-dev-launcher] AndroidManifest.xml:8:18-50
29
30        <intent>
30-->[host.exp.exponent:expo.modules.webbrowser:14.1.6] AndroidManifest.xml:8:9-12:18
31
32            <!-- Required for opening tabs if targeting API 30 -->
33            <action android:name="android.support.customtabs.action.CustomTabsService" />
33-->[host.exp.exponent:expo.modules.webbrowser:14.1.6] AndroidManifest.xml:11:13-90
33-->[host.exp.exponent:expo.modules.webbrowser:14.1.6] AndroidManifest.xml:11:21-87
34        </intent> <!-- Query open documents -->
35        <intent>
35-->[:expo-file-system] AndroidManifest.xml:15:9-17:18
36            <action android:name="android.intent.action.OPEN_DOCUMENT_TREE" />
36-->[:expo-file-system] AndroidManifest.xml:16:13-79
36-->[:expo-file-system] AndroidManifest.xml:16:21-76
37        </intent>
38    </queries>
39    <!--
40  Allows Glide to monitor connectivity status and restart failed requests if users go from a
41  a disconnected to a connected network state.
42    -->
43    <uses-permission android:name="android.permission.ACCESS_NETWORK_STATE" />
43-->[BareExpo:expo.modules.image:2.3.0] AndroidManifest.xml:12:5-79
43-->[BareExpo:expo.modules.image:2.3.0] AndroidManifest.xml:12:22-76
44
45    <permission
45-->[androidx.core:core:1.13.1] AndroidManifest.xml:22:5-24:47
46        android:name="com.kianshenteoh.procrastinus.DYNAMIC_RECEIVER_NOT_EXPORTED_PERMISSION"
46-->[androidx.core:core:1.13.1] AndroidManifest.xml:23:9-81
47        android:protectionLevel="signature" />
47-->[androidx.core:core:1.13.1] AndroidManifest.xml:24:9-44
48
49    <uses-permission android:name="com.kianshenteoh.procrastinus.DYNAMIC_RECEIVER_NOT_EXPORTED_PERMISSION" />
49-->[androidx.core:core:1.13.1] AndroidManifest.xml:26:5-97
49-->[androidx.core:core:1.13.1] AndroidManifest.xml:26:22-94
50
51    <application
51-->src\main\AndroidManifest.xml:14:3-31:17
52        android:name="com.kianshenteoh.procrastinus.MainApplication"
52-->src\main\AndroidManifest.xml:14:16-47
53        android:allowBackup="true"
53-->src\main\AndroidManifest.xml:14:162-188
54        android:appComponentFactory="androidx.core.app.CoreComponentFactory"
54-->[androidx.core:core:1.13.1] AndroidManifest.xml:28:18-86
55        android:debuggable="true"
56        android:extractNativeLibs="false"
57        android:icon="@mipmap/ic_launcher"
57-->src\main\AndroidManifest.xml:14:81-115
58        android:label="@string/app_name"
58-->src\main\AndroidManifest.xml:14:48-80
59        android:roundIcon="@mipmap/ic_launcher_round"
59-->src\main\AndroidManifest.xml:14:116-161
60        android:supportsRtl="true"
60-->src\main\AndroidManifest.xml:14:221-247
61        android:theme="@style/AppTheme"
61-->src\main\AndroidManifest.xml:14:189-220
62        android:usesCleartextTraffic="true" >
62-->src\debug\AndroidManifest.xml:6:18-53
63        <meta-data
63-->src\main\AndroidManifest.xml:15:5-83
64            android:name="expo.modules.updates.ENABLED"
64-->src\main\AndroidManifest.xml:15:16-59
65            android:value="false" />
65-->src\main\AndroidManifest.xml:15:60-81
66        <meta-data
66-->src\main\AndroidManifest.xml:16:5-105
67            android:name="expo.modules.updates.EXPO_UPDATES_CHECK_ON_LAUNCH"
67-->src\main\AndroidManifest.xml:16:16-80
68            android:value="ALWAYS" />
68-->src\main\AndroidManifest.xml:16:81-103
69        <meta-data
69-->src\main\AndroidManifest.xml:17:5-99
70            android:name="expo.modules.updates.EXPO_UPDATES_LAUNCH_WAIT_MS"
70-->src\main\AndroidManifest.xml:17:16-79
71            android:value="0" />
71-->src\main\AndroidManifest.xml:17:80-97
72
73        <activity
73-->src\main\AndroidManifest.xml:18:5-30:16
74            android:name="com.kianshenteoh.procrastinus.MainActivity"
74-->src\main\AndroidManifest.xml:18:15-43
75            android:configChanges="keyboard|keyboardHidden|orientation|screenSize|screenLayout|uiMode"
75-->src\main\AndroidManifest.xml:18:44-134
76            android:exported="true"
76-->src\main\AndroidManifest.xml:18:256-279
77            android:launchMode="singleTask"
77-->src\main\AndroidManifest.xml:18:135-166
78            android:screenOrientation="portrait"
78-->src\main\AndroidManifest.xml:18:280-316
79            android:theme="@style/Theme.App.SplashScreen"
79-->src\main\AndroidManifest.xml:18:210-255
80            android:windowSoftInputMode="adjustResize" >
80-->src\main\AndroidManifest.xml:18:167-209
81            <intent-filter>
81-->src\main\AndroidManifest.xml:19:7-22:23
82                <action android:name="android.intent.action.MAIN" />
82-->src\main\AndroidManifest.xml:20:9-60
82-->src\main\AndroidManifest.xml:20:17-58
83
84                <category android:name="android.intent.category.LAUNCHER" />
84-->src\main\AndroidManifest.xml:21:9-68
84-->src\main\AndroidManifest.xml:21:19-66
85            </intent-filter>
86            <intent-filter>
86-->src\main\AndroidManifest.xml:23:7-29:23
87                <action android:name="android.intent.action.VIEW" />
87-->src\main\AndroidManifest.xml:9:7-58
87-->src\main\AndroidManifest.xml:9:15-56
88
89                <category android:name="android.intent.category.DEFAULT" />
89-->src\main\AndroidManifest.xml:25:9-67
89-->src\main\AndroidManifest.xml:25:19-65
90                <category android:name="android.intent.category.BROWSABLE" />
90-->src\main\AndroidManifest.xml:10:7-67
90-->src\main\AndroidManifest.xml:10:17-65
91
92                <data android:scheme="procrastinus" />
92-->src\main\AndroidManifest.xml:11:7-37
92-->src\main\AndroidManifest.xml:11:13-35
93                <data android:scheme="exp+frontend" />
93-->src\main\AndroidManifest.xml:11:7-37
93-->src\main\AndroidManifest.xml:11:13-35
94            </intent-filter>
95        </activity>
96
97        <provider
97-->[:react-native-webview] AndroidManifest.xml:8:9-16:20
98            android:name="com.reactnativecommunity.webview.RNCWebViewFileProvider"
98-->[:react-native-webview] AndroidManifest.xml:9:13-83
99            android:authorities="com.kianshenteoh.procrastinus.fileprovider"
99-->[:react-native-webview] AndroidManifest.xml:10:13-64
100            android:exported="false"
100-->[:react-native-webview] AndroidManifest.xml:11:13-37
101            android:grantUriPermissions="true" >
101-->[:react-native-webview] AndroidManifest.xml:12:13-47
102            <meta-data
102-->[:react-native-webview] AndroidManifest.xml:13:13-15:63
103                android:name="android.support.FILE_PROVIDER_PATHS"
103-->[:react-native-webview] AndroidManifest.xml:14:17-67
104                android:resource="@xml/file_provider_paths" />
104-->[:react-native-webview] AndroidManifest.xml:15:17-60
105        </provider>
106
107        <activity
107-->[:expo-dev-launcher] AndroidManifest.xml:12:9-25:20
108            android:name="expo.modules.devlauncher.launcher.DevLauncherActivity"
108-->[:expo-dev-launcher] AndroidManifest.xml:13:13-81
109            android:exported="true"
109-->[:expo-dev-launcher] AndroidManifest.xml:14:13-36
110            android:launchMode="singleTask"
110-->[:expo-dev-launcher] AndroidManifest.xml:15:13-44
111            android:theme="@style/Theme.DevLauncher.LauncherActivity" >
111-->[:expo-dev-launcher] AndroidManifest.xml:16:13-70
112            <intent-filter>
112-->[:expo-dev-launcher] AndroidManifest.xml:17:13-24:29
113                <action android:name="android.intent.action.VIEW" />
113-->src\main\AndroidManifest.xml:9:7-58
113-->src\main\AndroidManifest.xml:9:15-56
114
115                <category android:name="android.intent.category.DEFAULT" />
115-->src\main\AndroidManifest.xml:25:9-67
115-->src\main\AndroidManifest.xml:25:19-65
116                <category android:name="android.intent.category.BROWSABLE" />
116-->src\main\AndroidManifest.xml:10:7-67
116-->src\main\AndroidManifest.xml:10:17-65
117
118                <data android:scheme="expo-dev-launcher" />
118-->src\main\AndroidManifest.xml:11:7-37
118-->src\main\AndroidManifest.xml:11:13-35
119            </intent-filter>
120        </activity>
121        <activity
121-->[:expo-dev-launcher] AndroidManifest.xml:26:9-29:70
122            android:name="expo.modules.devlauncher.launcher.errors.DevLauncherErrorActivity"
122-->[:expo-dev-launcher] AndroidManifest.xml:27:13-93
123            android:screenOrientation="portrait"
123-->[:expo-dev-launcher] AndroidManifest.xml:28:13-49
124            android:theme="@style/Theme.DevLauncher.ErrorActivity" />
124-->[:expo-dev-launcher] AndroidManifest.xml:29:13-67
125        <activity
125-->[:expo-dev-menu] AndroidManifest.xml:8:9-21:20
126            android:name="expo.modules.devmenu.DevMenuActivity"
126-->[:expo-dev-menu] AndroidManifest.xml:9:13-64
127            android:exported="true"
127-->[:expo-dev-menu] AndroidManifest.xml:10:13-36
128            android:launchMode="singleTask"
128-->[:expo-dev-menu] AndroidManifest.xml:11:13-44
129            android:theme="@style/Theme.AppCompat.Transparent.NoActionBar" >
129-->[:expo-dev-menu] AndroidManifest.xml:12:13-75
130            <intent-filter>
130-->[:expo-dev-menu] AndroidManifest.xml:13:13-20:29
131                <action android:name="android.intent.action.VIEW" />
131-->src\main\AndroidManifest.xml:9:7-58
131-->src\main\AndroidManifest.xml:9:15-56
132
133                <category android:name="android.intent.category.DEFAULT" />
133-->src\main\AndroidManifest.xml:25:9-67
133-->src\main\AndroidManifest.xml:25:19-65
134                <category android:name="android.intent.category.BROWSABLE" />
134-->src\main\AndroidManifest.xml:10:7-67
134-->src\main\AndroidManifest.xml:10:17-65
135
136                <data android:scheme="expo-dev-menu" />
136-->src\main\AndroidManifest.xml:11:7-37
136-->src\main\AndroidManifest.xml:11:13-35
137            </intent-filter>
138        </activity>
139
140        <meta-data
140-->[:expo-modules-core] AndroidManifest.xml:9:9-11:89
141            android:name="org.unimodules.core.AppLoader#react-native-headless"
141-->[:expo-modules-core] AndroidManifest.xml:10:13-79
142            android:value="expo.modules.adapters.react.apploader.RNHeadlessAppLoader" />
142-->[:expo-modules-core] AndroidManifest.xml:11:13-86
143        <meta-data
143-->[:expo-modules-core] AndroidManifest.xml:12:9-15:45
144            android:name="com.facebook.soloader.enabled"
144-->[:expo-modules-core] AndroidManifest.xml:13:13-57
145            android:value="true" />
145-->[:expo-modules-core] AndroidManifest.xml:14:13-33
146
147        <activity
147-->[com.facebook.react:react-android:0.79.3] AndroidManifest.xml:19:9-21:40
148            android:name="com.facebook.react.devsupport.DevSettingsActivity"
148-->[com.facebook.react:react-android:0.79.3] AndroidManifest.xml:20:13-77
149            android:exported="false" />
149-->[com.facebook.react:react-android:0.79.3] AndroidManifest.xml:21:13-37
150
151        <provider
151-->[:expo-file-system] AndroidManifest.xml:21:9-30:20
152            android:name="expo.modules.filesystem.FileSystemFileProvider"
152-->[:expo-file-system] AndroidManifest.xml:22:13-74
153            android:authorities="com.kianshenteoh.procrastinus.FileSystemFileProvider"
153-->[:expo-file-system] AndroidManifest.xml:23:13-74
154            android:exported="false"
154-->[:expo-file-system] AndroidManifest.xml:24:13-37
155            android:grantUriPermissions="true" >
155-->[:expo-file-system] AndroidManifest.xml:25:13-47
156            <meta-data
156-->[:react-native-webview] AndroidManifest.xml:13:13-15:63
157                android:name="android.support.FILE_PROVIDER_PATHS"
157-->[:react-native-webview] AndroidManifest.xml:14:17-67
158                android:resource="@xml/file_system_provider_paths" />
158-->[:react-native-webview] AndroidManifest.xml:15:17-60
159        </provider>
160
161        <meta-data
161-->[com.github.bumptech.glide:okhttp3-integration:4.11.0] AndroidManifest.xml:11:9-13:43
162            android:name="com.bumptech.glide.integration.okhttp3.OkHttpGlideModule"
162-->[com.github.bumptech.glide:okhttp3-integration:4.11.0] AndroidManifest.xml:12:13-84
163            android:value="GlideModule" />
163-->[com.github.bumptech.glide:okhttp3-integration:4.11.0] AndroidManifest.xml:13:13-40
164
165        <provider
165-->[androidx.emoji2:emoji2:1.3.0] AndroidManifest.xml:24:9-32:20
166            android:name="androidx.startup.InitializationProvider"
166-->[androidx.emoji2:emoji2:1.3.0] AndroidManifest.xml:25:13-67
167            android:authorities="com.kianshenteoh.procrastinus.androidx-startup"
167-->[androidx.emoji2:emoji2:1.3.0] AndroidManifest.xml:26:13-68
168            android:exported="false" >
168-->[androidx.emoji2:emoji2:1.3.0] AndroidManifest.xml:27:13-37
169            <meta-data
169-->[androidx.emoji2:emoji2:1.3.0] AndroidManifest.xml:29:13-31:52
170                android:name="androidx.emoji2.text.EmojiCompatInitializer"
170-->[androidx.emoji2:emoji2:1.3.0] AndroidManifest.xml:30:17-75
171                android:value="androidx.startup" />
171-->[androidx.emoji2:emoji2:1.3.0] AndroidManifest.xml:31:17-49
172            <meta-data
172-->[androidx.lifecycle:lifecycle-process:2.6.2] AndroidManifest.xml:29:13-31:52
173                android:name="androidx.lifecycle.ProcessLifecycleInitializer"
173-->[androidx.lifecycle:lifecycle-process:2.6.2] AndroidManifest.xml:30:17-78
174                android:value="androidx.startup" />
174-->[androidx.lifecycle:lifecycle-process:2.6.2] AndroidManifest.xml:31:17-49
175            <meta-data
175-->[androidx.profileinstaller:profileinstaller:1.3.1] AndroidManifest.xml:29:13-31:52
176                android:name="androidx.profileinstaller.ProfileInstallerInitializer"
176-->[androidx.profileinstaller:profileinstaller:1.3.1] AndroidManifest.xml:30:17-85
177                android:value="androidx.startup" />
177-->[androidx.profileinstaller:profileinstaller:1.3.1] AndroidManifest.xml:31:17-49
178        </provider>
179
180        <receiver
180-->[androidx.profileinstaller:profileinstaller:1.3.1] AndroidManifest.xml:34:9-52:20
181            android:name="androidx.profileinstaller.ProfileInstallReceiver"
181-->[androidx.profileinstaller:profileinstaller:1.3.1] AndroidManifest.xml:35:13-76
182            android:directBootAware="false"
182-->[androidx.profileinstaller:profileinstaller:1.3.1] AndroidManifest.xml:36:13-44
183            android:enabled="true"
183-->[androidx.profileinstaller:profileinstaller:1.3.1] AndroidManifest.xml:37:13-35
184            android:exported="true"
184-->[androidx.profileinstaller:profileinstaller:1.3.1] AndroidManifest.xml:38:13-36
185            android:permission="android.permission.DUMP" >
185-->[androidx.profileinstaller:profileinstaller:1.3.1] AndroidManifest.xml:39:13-57
186            <intent-filter>
186-->[androidx.profileinstaller:profileinstaller:1.3.1] AndroidManifest.xml:40:13-42:29
187                <action android:name="androidx.profileinstaller.action.INSTALL_PROFILE" />
187-->[androidx.profileinstaller:profileinstaller:1.3.1] AndroidManifest.xml:41:17-91
187-->[androidx.profileinstaller:profileinstaller:1.3.1] AndroidManifest.xml:41:25-88
188            </intent-filter>
189            <intent-filter>
189-->[androidx.profileinstaller:profileinstaller:1.3.1] AndroidManifest.xml:43:13-45:29
190                <action android:name="androidx.profileinstaller.action.SKIP_FILE" />
190-->[androidx.profileinstaller:profileinstaller:1.3.1] AndroidManifest.xml:44:17-85
190-->[androidx.profileinstaller:profileinstaller:1.3.1] AndroidManifest.xml:44:25-82
191            </intent-filter>
192            <intent-filter>
192-->[androidx.profileinstaller:profileinstaller:1.3.1] AndroidManifest.xml:46:13-48:29
193                <action android:name="androidx.profileinstaller.action.SAVE_PROFILE" />
193-->[androidx.profileinstaller:profileinstaller:1.3.1] AndroidManifest.xml:47:17-88
193-->[androidx.profileinstaller:profileinstaller:1.3.1] AndroidManifest.xml:47:25-85
194            </intent-filter>
195            <intent-filter>
195-->[androidx.profileinstaller:profileinstaller:1.3.1] AndroidManifest.xml:49:13-51:29
196                <action android:name="androidx.profileinstaller.action.BENCHMARK_OPERATION" />
196-->[androidx.profileinstaller:profileinstaller:1.3.1] AndroidManifest.xml:50:17-95
196-->[androidx.profileinstaller:profileinstaller:1.3.1] AndroidManifest.xml:50:25-92
197            </intent-filter>
198        </receiver>
199    </application>
200
201</manifest>